<?xml version="1.0" encoding="UTF-8"?>
<testsuite name="comments.CommentQueryServiceImplTest" tests="1" skipped="0" failures="0" errors="0" timestamp="2017-09-17T05:47:16" hostname="Ramesh-PC" time="0.004">
  <properties/>
  <testcase name="test" classname="comments.CommentQueryServiceImplTest" time="0.004"/>
  <system-out><![CDATA[]]></system-out>
  <system-err><![CDATA[]]></system-err>
</testsuite>
