<?xml version="1.0" encoding="UTF-8"?>
<testsuite name="comments.CommentControllerTest" tests="1" skipped="0" failures="0" errors="0" timestamp="2017-12-23T05:59:47" hostname="Ramesh-PC" time="0.001">
  <properties/>
  <testcase name="getCommentsTest" classname="comments.CommentControllerTest" time="0.001"/>
  <system-out><![CDATA[]]></system-out>
  <system-err><![CDATA[]]></system-err>
</testsuite>
